:adams.freenode.net NOTICE * :*** Looking up your hostname...
:adams.freenode.net NOTICE * :*** Checking Ident
:adams.freenode.net NOTICE * :*** No Ident response
:adams.freenode.net NOTICE * :*** Couldn't look up your hostname
:adams.freenode.net 001 stigok :Welcome to the freenode Internet Relay Chat Network stigok
:adams.freenode.net 002 stigok :Your host is adams.freenode.net[2a01:270:0:666f::1/6667], running version ircd-seven-1.1.5
:adams.freenode.net 003 stigok :This server was created Fri Jan 12 2018 at 18:47:41 UTC
:adams.freenode.net 004 stigok adams.freenode.net ircd-seven-1.1.5 DOQRSZaghilopswz CFILMPQSbcefgijklmnopqrstvz bkloveqjfI
:adams.freenode.net 005 stigok CHANTYPES=# EXCEPTS INVEX CHANMODES=eIbq,k,flj,CFLMPQScgimnprstz CHANLIMIT=#:120 PREFIX=(ov)@+ MAXLIST=bqeI:100 MODES=4 NETWORK=freenode KNOCK STATUSMSG=@+ CALLERID=g :are supported by this server
:adams.freenode.net 005 stigok CASEMAPPING=rfc1459 CHARSET=ascii NICKLEN=16 CHANNELLEN=50 TOPICLEN=390 ETRACE CPRIVMSG CNOTICE DEAF=D MONITOR=100 FNC TARGMAX=NAMES:1,LIST:1,KICK:1,WHOIS:1,PRIVMSG:4,NOTICE:4,ACCEPT:,MONITOR: :are supported by this server
:adams.freenode.net 005 stigok EXTBAN=$,ajrxz WHOX CLIENTVER=3.0 SAFELIST ELIST=CTU :are supported by this server
:adams.freenode.net 251 stigok :There are 120 users and 85352 invisible on 33 servers
:adams.freenode.net 252 stigok 29 :IRC Operators online
:adams.freenode.net 253 stigok 1 :unknown connection(s)
:adams.freenode.net 254 stigok 49836 :channels formed
:adams.freenode.net 255 stigok :I have 4915 clients and 1 servers
:adams.freenode.net 265 stigok 4915 5180 :Current local users 4915, max 5180
:adams.freenode.net 266 stigok 85472 91145 :Current global users 85472, max 91145
:adams.freenode.net 250 stigok :Highest connection count: 5181 (5180 clients) (126932 connections received)
:adams.freenode.net 375 stigok :- adams.freenode.net Message of the Day - 
:adams.freenode.net 372 stigok :- Welcome to adams.freenode.net. Thanks to ATW Internet Kft 
:adams.freenode.net 372 stigok :- (http://www.atw.hu) for sponsoring this server!
:adams.freenode.net 372 stigok :-  
:adams.freenode.net 372 stigok :- ADAMS, DOUGLAS (1952-2001).  Author of The Hitch Hikers Guide
:adams.freenode.net 372 stigok :- to the Galaxy and many other witty and humourous books,
:adams.freenode.net 372 stigok :- portrayed in his uniquely British irony. He is sorely missed
:adams.freenode.net 372 stigok :- by many millions of devoted fans. "So long and thanks for all
:adams.freenode.net 372 stigok :- the books!"
:adams.freenode.net 372 stigok :-  
:adams.freenode.net 372 stigok :- Welcome to freenode - supporting the free and open source
:adams.freenode.net 372 stigok :- software communities since 1998.
:adams.freenode.net 372 stigok :-  
:adams.freenode.net 372 stigok :- By connecting to freenode you indicate that you have read and
:adams.freenode.net 372 stigok :- accept our policies and guidelines as set out on https://freenode.net
:adams.freenode.net 372 stigok :-  
:adams.freenode.net 372 stigok :- In the event that you observe behaviour that contravenes our policies,
:adams.freenode.net 372 stigok :- please notify a volunteer staff member via private message, or send us an
:adams.freenode.net 372 stigok :- e-mail to complaints@freenode.net -- we will do our best to address the
:adams.freenode.net 372 stigok :- situation within a reasonable period of time, and we may request further
:adams.freenode.net 372 stigok :- information or, as appropriate, involve other parties such as channel operators 
:adams.freenode.net 372 stigok :- Group Contacts representing an on-topic group.
:adams.freenode.net 372 stigok :-  
:adams.freenode.net 372 stigok :- freenode runs an open proxy scanner.
:adams.freenode.net 372 stigok :-  
:adams.freenode.net 372 stigok :- If you are looking for assistance, you will be able to find a list of
:adams.freenode.net 372 stigok :- volunteer staff using the '/who freenode/staff/*' command, and you may
:adams.freenode.net 372 stigok :- message any of us at any time. Please note that freenode predominantly
:adams.freenode.net 372 stigok :- provides assistance via private message, and while we have a network
:adams.freenode.net 372 stigok :- channel the primary venue for support requests is via private message to
:adams.freenode.net 372 stigok :- a member of the volunteer staff team.
:adams.freenode.net 372 stigok :-  
:adams.freenode.net 372 stigok :- From time to time, volunteer staff may send server-wide notices relating to
:adams.freenode.net 372 stigok :- the project, or the communities that we host. The majority of such notices
:adams.freenode.net 372 stigok :- will be sent as wallops, and you can '/mode <yournick> +w' to ensure that you
:adams.freenode.net 372 stigok :- do not miss them. Important messages relating to the freenode project, including
:adams.freenode.net 372 stigok :- notices of upcoming maintenance and other scheduled downtime will be issued as
:adams.freenode.net 372 stigok :- global notices.
:adams.freenode.net 372 stigok :-  
:adams.freenode.net 372 stigok :- Representing an on-topic project? Don't forget to register, more information
:adams.freenode.net 372 stigok :- can be found on the https://freenode.net website under "Group Registration".
:adams.freenode.net 372 stigok :-  
:adams.freenode.net 372 stigok :- freenode organises an annual conference, and we would like to extend our
:adams.freenode.net 372 stigok :- thanks to the attendees, exhibitors and speakers who made freenode #live 2017
:adams.freenode.net 372 stigok :- possible. And of course, our generous sponsors: Bytemark, Canonical (Ubuntu),
:adams.freenode.net 372 stigok :- Falanx Cyber Security, Private Internet Access and Yubico for footing the bill.
:adams.freenode.net 372 stigok :-  
:adams.freenode.net 372 stigok :- Thank you also to our server sponsors for the sustained support in keeping the
:adams.freenode.net 372 stigok :- network going for close to two decades.
:adams.freenode.net 372 stigok :-  
:adams.freenode.net 372 stigok :- freenode #live returns to Bristol, UK on November 3rd-4th 2018, keep an eye
:adams.freenode.net 372 stigok :- on the https://freenode.live website for our call for volunteers and call for
:adams.freenode.net 372 stigok :- participation. If you are interested in sponsoring next year's event, please
:adams.freenode.net 372 stigok :- send us an e-mail to sponsor@freenode.live
:adams.freenode.net 372 stigok :-  
:adams.freenode.net 372 stigok :- Thank you for using freenode!
:adams.freenode.net 372 stigok :-  
:adams.freenode.net 372 stigok :-  
:adams.freenode.net 376 stigok :End of /MOTD command.
:stigok MODE stigok :+i
:stigok!~stigok@2a02:ed06:5afe::1002 JOIN #hackeriet
:adams.freenode.net 332 stigok #hackeriet :goto #oslohackerspace
:adams.freenode.net 333 stigok #hackeriet sshowfs 1515079208
:adams.freenode.net 353 stigok = #hackeriet :stigok @sshowfosho
:adams.freenode.net 366 stigok #hackeriet :End of /NAMES list.
:ChanServ!ChanServ@services. NOTICE stigok :[#hackeriet] we live in #oslohackerspace atm
:services. 328 stigok #hackeriet :https://hackeriet.no
:sshowfosho!~sshow@sshow.hackeriet.no PRIVMSG #hackeriet :hi, stigok!
:sshowfosho!~sshow@sshow.hackeriet.no PRIVMSG #hackeriet :what is up?
:sshowfosho!~sshow@sshow.hackeriet.no PRIVMSG stigok :u alrdy did
:sshowfosho!~sshow@sshow.hackeriet.no PART #hackeriet
:sshowfosho!~sshow@sshow.hackeriet.no JOIN #hackeriet
:ChanServ!ChanServ@services. MODE #hackeriet +o sshowfosho
:sshowfosho!~sshow@sshow.hackeriet.no MODE #hackeriet +v stigok
:stigok!~stigok@2a02:ed06:5afe::1002 QUIT :Client Quit
ERROR :Closing Link: 2a02:ed06:5afe::1002 (Client Quit)
